<?xml version="1.0" encoding="UTF-8"?>
<testng-results ignored="0" total="1" passed="1" failed="0" skipped="0">
  <reporter-output>
  </reporter-output>
  <suite started-at="2021-11-29T12:44:33Z" name="nopcommerce" finished-at="2021-11-29T12:45:08Z" duration-ms="35014">
    <groups>
    </groups>
    <test started-at="2021-11-29T12:44:33Z" name="sute1" finished-at="2021-11-29T12:45:08Z" duration-ms="35014">
      <class name="com.nopcommerce.TestCases.TC_AddCustomerTest_003">
        <test-method is-config="true" signature="setup(java.lang.String)[pri:0, instance:com.nopcommerce.TestCases.TC_AddCustomerTest_003@45b4c3a9]" started-at="2021-11-29T12:44:33Z" name="setup" finished-at="2021-11-29T12:44:38Z" duration-ms="5278" status="PASS">
          <params>
            <param index="0">
              <value>
                <![CDATA[chrome]]>
              </value>
            </param>
          </params>
          <reporter-output>
          </reporter-output>
        </test-method> <!-- setup -->
        <test-method signature="addNewCustomer()[pri:0, instance:com.nopcommerce.TestCases.TC_AddCustomerTest_003@45b4c3a9]" started-at="2021-11-29T12:44:39Z" name="addNewCustomer" finished-at="2021-11-29T12:45:08Z" duration-ms="29287" status="PASS">
          <reporter-output>
          </reporter-output>
        </test-method> <!-- addNewCustomer -->
        <test-method is-config="true" signature="tearDown()[pri:0, instance:com.nopcommerce.TestCases.TC_AddCustomerTest_003@45b4c3a9]" started-at="2021-11-29T12:45:08Z" name="tearDown" finished-at="2021-11-29T12:45:08Z" duration-ms="265" status="PASS">
          <reporter-output>
          </reporter-output>
        </test-method> <!-- tearDown -->
      </class> <!-- com.nopcommerce.TestCases.TC_AddCustomerTest_003 -->
    </test> <!-- sute1 -->
  </suite> <!-- nopcommerce -->
</testng-results>
